<?xml version="1.0" encoding="UTF-8"?>
<robot generator="Robot 7.3.2 (Python 3.13.7 on win32)" generated="2026-03-07T11:39:28.435452" rpa="false" schemaversion="5">
<suite id="s1" name="Api" source="C:\Automação\tests-automation\malha-logistica-dental\tests\api">
<suite id="s1-s1" name="Cotacao Api Tests" source="C:\Automação\tests-automation\malha-logistica-dental\tests\api\cotacao_api_tests.robot">
<kw name="Criar Sessao API" type="SETUP">
<msg time="2026-03-07T11:39:28.594716" level="FAIL">No keyword with name 'Criar Sessao API' found.</msg>
<status status="FAIL" start="2026-03-07T11:39:28.594656" elapsed="0.000126">No keyword with name 'Criar Sessao API' found.</status>
</kw>
<test id="s1-s1-t1" name="Cotacao De Frete Com Sucesso" line="9">
<status status="FAIL" start="2026-03-07T11:39:28.594926" elapsed="0.000471">Parent suite setup failed:
No keyword with name 'Criar Sessao API' found.</status>
</test>
<test id="s1-s1-t2" name="Cotacao Sem Estoque" line="18">
<status status="FAIL" start="2026-03-07T11:39:28.596067" elapsed="0.000404">Parent suite setup failed:
No keyword with name 'Criar Sessao API' found.</status>
</test>
<test id="s1-s1-t3" name="Cotacao CEP Invalido" line="25">
<status status="FAIL" start="2026-03-07T11:39:28.597166" elapsed="0.000319">Parent suite setup failed:
No keyword with name 'Criar Sessao API' found.</status>
</test>
<test id="s1-s1-t4" name="Cotacao Sem Produtos" line="36">
<status status="FAIL" start="2026-03-07T11:39:28.598328" elapsed="0.000417">Parent suite setup failed:
No keyword with name 'Criar Sessao API' found.</status>
</test>
<status status="FAIL" start="2026-03-07T11:39:28.467505" elapsed="0.132480">Suite setup failed:
No keyword with name 'Criar Sessao API' found.</status>
</suite>
<suite id="s1-s2" name="Test Recalcular Cotacao" source="C:\Automação\tests-automation\malha-logistica-dental\tests\api\test_recalcular_cotacao.robot">
<kw name="Criar Sessao API" type="SETUP">
<msg time="2026-03-07T11:39:28.619029" level="FAIL">No keyword with name 'Criar Sessao API' found.</msg>
<status status="FAIL" start="2026-03-07T11:39:28.618929" elapsed="0.000187">No keyword with name 'Criar Sessao API' found.</status>
</kw>
<test id="s1-s2-t1" name="Recalcular Cotacao Com Sucesso" line="10">
<status status="FAIL" start="2026-03-07T11:39:28.619203" elapsed="0.000656">Parent suite setup failed:
No keyword with name 'Criar Sessao API' found.</status>
</test>
<test id="s1-s2-t2" name="Recalcular Cotacao Sem Produtos" line="16">
<status status="FAIL" start="2026-03-07T11:39:28.621097" elapsed="0.000556">Parent suite setup failed:
No keyword with name 'Criar Sessao API' found.</status>
</test>
<test id="s1-s2-t3" name="Recalcular Cotacao CEP Invalido" line="20">
<status status="FAIL" start="2026-03-07T11:39:28.622703" elapsed="0.000559">Parent suite setup failed:
No keyword with name 'Criar Sessao API' found.</status>
</test>
<test id="s1-s2-t4" name="Recalcular Cotacao Sem Permissao" line="27">
<status status="FAIL" start="2026-03-07T11:39:28.624116" elapsed="0.000459">Parent suite setup failed:
No keyword with name 'Criar Sessao API' found.</status>
</test>
<test id="s1-s2-t5" name="Recalcular Cotacao DistribCenter Invalido" line="37">
<status status="FAIL" start="2026-03-07T11:39:28.625924" elapsed="0.000828">Parent suite setup failed:
No keyword with name 'Criar Sessao API' found.</status>
</test>
<test id="s1-s2-t6" name="Recalcular Cotacao Produtos Multiplo" line="44">
<status status="FAIL" start="2026-03-07T11:39:28.628141" elapsed="0.000359">Parent suite setup failed:
No keyword with name 'Criar Sessao API' found.</status>
</test>
<status status="FAIL" start="2026-03-07T11:39:28.601526" elapsed="0.027852">Suite setup failed:
No keyword with name 'Criar Sessao API' found.</status>
</suite>
<suite id="s1-s3" name="Test Recalcular Quote" source="C:\Automação\tests-automation\malha-logistica-dental\tests\api\test_recalcular_quote.robot">
<kw name="Criar Sessao API" type="SETUP">
<msg time="2026-03-07T11:39:28.639077" level="FAIL">No keyword with name 'Criar Sessao API' found.</msg>
<status status="FAIL" start="2026-03-07T11:39:28.639026" elapsed="0.000105">No keyword with name 'Criar Sessao API' found.</status>
</kw>
<test id="s1-s3-t1" name="Recalculo De Frete Com Sucesso" line="22">
<status status="FAIL" start="2026-03-07T11:39:28.639205" elapsed="0.000483">Parent suite setup failed:
No keyword with name 'Criar Sessao API' found.</status>
</test>
<test id="s1-s3-t2" name="Recalculo Sem Produtos" line="29">
<status status="FAIL" start="2026-03-07T11:39:28.640485" elapsed="0.000360">Parent suite setup failed:
No keyword with name 'Criar Sessao API' found.</status>
</test>
<test id="s1-s3-t3" name="Recalculo CEP Invalido" line="39">
<status status="FAIL" start="2026-03-07T11:39:28.642057" elapsed="0.000513">Parent suite setup failed:
No keyword with name 'Criar Sessao API' found.</status>
</test>
<test id="s1-s3-t4" name="Recalculo Produto Quantidade Zero" line="46">
<status status="FAIL" start="2026-03-07T11:39:28.643500" elapsed="0.000620">Parent suite setup failed:
No keyword with name 'Criar Sessao API' found.</status>
</test>
<test id="s1-s3-t5" name="Recalculo Produto Preco Negativo" line="53">
<status status="FAIL" start="2026-03-07T11:39:28.644831" elapsed="0.000426">Parent suite setup failed:
No keyword with name 'Criar Sessao API' found.</status>
</test>
<test id="s1-s3-t6" name="Recalculo Distribuicao Invalida" line="60">
<status status="FAIL" start="2026-03-07T11:39:28.646306" elapsed="0.000420">Parent suite setup failed:
No keyword with name 'Criar Sessao API' found.</status>
</test>
<test id="s1-s3-t7" name="Recalculo Produto Inexistente" line="67">
<status status="FAIL" start="2026-03-07T11:39:28.647245" elapsed="0.000374">Parent suite setup failed:
No keyword with name 'Criar Sessao API' found.</status>
</test>
<test id="s1-s3-t8" name="Recalculo Todos Tipos de Carrier" line="74">
<status status="FAIL" start="2026-03-07T11:39:28.648216" elapsed="0.000276">Parent suite setup failed:
No keyword with name 'Criar Sessao API' found.</status>
</test>
<test id="s1-s3-t9" name="Recalculo Sem SuryaClubCode" line="95">
<status status="FAIL" start="2026-03-07T11:39:28.649133" elapsed="0.000269">Parent suite setup failed:
No keyword with name 'Criar Sessao API' found.</status>
</test>
<test id="s1-s3-t10" name="Recalculo Sem SalesPersonProtheusId" line="102">
<status status="FAIL" start="2026-03-07T11:39:28.650287" elapsed="0.000573">Parent suite setup failed:
No keyword with name 'Criar Sessao API' found.</status>
</test>
<status status="FAIL" start="2026-03-07T11:39:28.630538" elapsed="0.021988">Suite setup failed:
No keyword with name 'Criar Sessao API' found.</status>
</suite>
<suite id="s1-s4" name="Test Shipping Quote" source="C:\Automação\tests-automation\malha-logistica-dental\tests\api\test_shipping_quote.robot">
<kw name="Criar Sessao API" type="SETUP">
<msg time="2026-03-07T11:39:28.659102" level="FAIL">No keyword with name 'Criar Sessao API' found.</msg>
<status status="FAIL" start="2026-03-07T11:39:28.659057" elapsed="0.000091">No keyword with name 'Criar Sessao API' found.</status>
</kw>
<test id="s1-s4-t1" name="Cotacao Multiplos Produtos" line="10">
<status status="FAIL" start="2026-03-07T11:39:28.659216" elapsed="0.000435">Parent suite setup failed:
No keyword with name 'Criar Sessao API' found.</status>
</test>
<test id="s1-s4-t2" name="Validar Estrutura Carrier" line="22">
<status status="FAIL" start="2026-03-07T11:39:28.660566" elapsed="0.000404">Parent suite setup failed:
No keyword with name 'Criar Sessao API' found.</status>
</test>
<test id="s1-s4-t3" name="Cotacao De Frete Com Sucesso (Shipping)" line="33">
<status status="FAIL" start="2026-03-07T11:39:28.661934" elapsed="0.000940">Parent suite setup failed:
No keyword with name 'Criar Sessao API' found.</status>
</test>
<test id="s1-s4-t4" name="Cotacao Sem Estoque (Shipping)" line="40">
<status status="FAIL" start="2026-03-07T11:39:28.663931" elapsed="0.000551">Parent suite setup failed:
No keyword with name 'Criar Sessao API' found.</status>
</test>
<test id="s1-s4-t5" name="Cotacao CEP Invalido (Shipping)" line="47">
<status status="FAIL" start="2026-03-07T11:39:28.665698" elapsed="0.000468">Parent suite setup failed:
No keyword with name 'Criar Sessao API' found.</status>
</test>
<test id="s1-s4-t6" name="Cotacao Sem Produtos (Shipping)" line="58">
<status status="FAIL" start="2026-03-07T11:39:28.667400" elapsed="0.000796">Parent suite setup failed:
No keyword with name 'Criar Sessao API' found.</status>
</test>
<status status="FAIL" start="2026-03-07T11:39:28.653624" elapsed="0.016608">Suite setup failed:
No keyword with name 'Criar Sessao API' found.</status>
</suite>
<status status="FAIL" start="2026-03-07T11:39:28.438770" elapsed="0.233055"/>
</suite>
<statistics>
<total>
<stat pass="0" fail="26" skip="0">All Tests</stat>
</total>
<tag>
</tag>
<suite>
<stat name="Api" id="s1" pass="0" fail="26" skip="0">Api</stat>
<stat name="Cotacao Api Tests" id="s1-s1" pass="0" fail="4" skip="0">Api.Cotacao Api Tests</stat>
<stat name="Test Recalcular Cotacao" id="s1-s2" pass="0" fail="6" skip="0">Api.Test Recalcular Cotacao</stat>
<stat name="Test Recalcular Quote" id="s1-s3" pass="0" fail="10" skip="0">Api.Test Recalcular Quote</stat>
<stat name="Test Shipping Quote" id="s1-s4" pass="0" fail="6" skip="0">Api.Test Shipping Quote</stat>
</suite>
</statistics>
<errors>
<msg time="2026-03-07T11:39:28.591625" level="ERROR">Error in file 'C:\Automação\tests-automation\malha-logistica-dental\tests\api\cotacao_api_tests.robot' on line 3: Resource file '..\..\keywords\shipping_keywords.robot' does not exist.</msg>
<msg time="2026-03-07T11:39:28.592552" level="ERROR">Error in file 'C:\Automação\tests-automation\malha-logistica-dental\tests\api\cotacao_api_tests.robot' on line 4: Resource file '..\..\configs\config_api_malha.robot' does not exist.</msg>
<msg time="2026-03-07T11:39:28.615370" level="ERROR">Error in file 'C:\Automação\tests-automation\malha-logistica-dental\tests\api\test_recalcular_cotacao.robot' on line 5: Resource file '..\..\keywords\shipping_keywords.robot' does not exist.</msg>
<msg time="2026-03-07T11:39:28.616438" level="ERROR">Error in file 'C:\Automação\tests-automation\malha-logistica-dental\tests\api\test_recalcular_cotacao.robot' on line 6: Resource file '..\..\configs\config_api_malha.robot' does not exist.</msg>
<msg time="2026-03-07T11:39:28.634528" level="ERROR">Error in file 'C:\Automação\tests-automation\malha-logistica-dental\tests\api\test_recalcular_quote.robot' on line 5: Resource file '..\..\keywords\shipping_keywords.robot' does not exist.</msg>
<msg time="2026-03-07T11:39:28.636798" level="ERROR">Error in file 'C:\Automação\tests-automation\malha-logistica-dental\tests\api\test_recalcular_quote.robot' on line 6: Resource file '..\..\configs\config_api_malha.robot' does not exist.</msg>
<msg time="2026-03-07T11:39:28.656268" level="ERROR">Error in file 'C:\Automação\tests-automation\malha-logistica-dental\tests\api\test_shipping_quote.robot' on line 5: Resource file '..\..\keywords\shipping_keywords.robot' does not exist.</msg>
<msg time="2026-03-07T11:39:28.657016" level="ERROR">Error in file 'C:\Automação\tests-automation\malha-logistica-dental\tests\api\test_shipping_quote.robot' on line 6: Resource file '..\..\configs\config_api_malha.robot' does not exist.</msg>
</errors>
</robot>
